[debug] [2025-06-24T14:47:55.684Z] ----------------------------------------------------------------------
[debug] [2025-06-24T14:47:55.691Z] Command:       C:\Program Files\nodejs\node.exe C:\Users\Sunny\AppData\Roaming\npm\node_modules\firebase-tools\lib\bin\firebase.js deploy --only functions
[debug] [2025-06-24T14:47:55.692Z] CLI Version:   14.8.0
[debug] [2025-06-24T14:47:55.692Z] Platform:      win32
[debug] [2025-06-24T14:47:55.692Z] Node Version:  v22.15.1
[debug] [2025-06-24T14:47:55.693Z] Time:          Tue Jun 24 2025 20:17:55 GMT+0530 (India Standard Time)
[debug] [2025-06-24T14:47:55.694Z] ----------------------------------------------------------------------
[debug] 
[debug] [2025-06-24T14:47:56.092Z] > command requires scopes: ["email","openid","https://www.googleapis.com/auth/cloudplatformprojects.readonly","https://www.googleapis.com/auth/firebase","https://www.googleapis.com/auth/cloud-platform"]
[debug] [2025-06-24T14:47:56.093Z] > authorizing via signed-in user (sunnyradadiya46@gmail.com)
[debug] [2025-06-24T14:47:56.093Z] [iam] checking project safeher-6d06a for permissions ["cloudfunctions.functions.create","cloudfunctions.functions.delete","cloudfunctions.functions.get","cloudfunctions.functions.list","cloudfunctions.functions.update","cloudfunctions.operations.get","firebase.projects.get"]
[debug] [2025-06-24T14:47:56.095Z] Checked if tokens are valid: false, expires at: 1750776588313
[debug] [2025-06-24T14:47:56.095Z] Checked if tokens are valid: false, expires at: 1750776588313
[debug] [2025-06-24T14:47:56.096Z] > refreshing access token with scopes: []
[debug] [2025-06-24T14:47:56.099Z] >>> [apiv2][query] POST https://www.googleapis.com/oauth2/v3/token [none]
[debug] [2025-06-24T14:47:56.099Z] >>> [apiv2][body] POST https://www.googleapis.com/oauth2/v3/token [omitted]
[debug] [2025-06-24T14:47:57.502Z] <<< [apiv2][status] POST https://www.googleapis.com/oauth2/v3/token 200
[debug] [2025-06-24T14:47:57.503Z] <<< [apiv2][body] POST https://www.googleapis.com/oauth2/v3/token [omitted]
[debug] [2025-06-24T14:47:57.526Z] >>> [apiv2][query] POST https://cloudresourcemanager.googleapis.com/v1/projects/safeher-6d06a:testIamPermissions [none]
[debug] [2025-06-24T14:47:57.526Z] >>> [apiv2][(partial)header] POST https://cloudresourcemanager.googleapis.com/v1/projects/safeher-6d06a:testIamPermissions x-goog-quota-user=projects/safeher-6d06a
[debug] [2025-06-24T14:47:57.526Z] >>> [apiv2][body] POST https://cloudresourcemanager.googleapis.com/v1/projects/safeher-6d06a:testIamPermissions {"permissions":["cloudfunctions.functions.create","cloudfunctions.functions.delete","cloudfunctions.functions.get","cloudfunctions.functions.list","cloudfunctions.functions.update","cloudfunctions.operations.get","firebase.projects.get"]}
